<?xml version="1.0" encoding="UTF-8"?>
<testng-results skipped="0" failed="1" ignored="10" total="16" passed="5">
  <reporter-output>
  </reporter-output>
  <suite name="Suite" duration-ms="86226" started-at="2022-05-04T13:54:00Z" finished-at="2022-05-04T13:55:26Z">
    <groups>
    </groups>
    <test name="Test" duration-ms="86226" started-at="2022-05-04T13:54:00Z" finished-at="2022-05-04T13:55:26Z">
      <class name="testCases.TC001_initialSignIn">
        <test-method status="PASS" signature="init()[pri:0, instance:testCases.TC001_initialSignIn@12f41634]" name="init" is-config="true" duration-ms="5322" started-at="2022-05-04T13:53:54Z" finished-at="2022-05-04T13:54:00Z">
          <reporter-output>
          </reporter-output>
        </test-method> <!-- init -->
        <test-method status="PASS" signature="initialSignIn(java.lang.String, java.lang.String)[pri:0, instance:testCases.TC001_initialSignIn@12f41634]" name="initialSignIn" duration-ms="4170" started-at="2022-05-04T13:54:00Z" finished-at="2022-05-04T13:54:04Z">
          <params>
            <param index="0">
              <value>
                <![CDATA[standard_user]]>
              </value>
            </param>
            <param index="1">
              <value>
                <![CDATA[secret_sauce]]>
              </value>
            </param>
          </params>
          <reporter-output>
          </reporter-output>
        </test-method> <!-- initialSignIn -->
        <test-method status="PASS" signature="flushData()[pri:0, instance:testCases.TC001_initialSignIn@12f41634]" name="flushData" is-config="true" duration-ms="0" started-at="2022-05-04T13:54:04Z" finished-at="2022-05-04T13:54:04Z">
          <reporter-output>
          </reporter-output>
        </test-method> <!-- flushData -->
        <test-method status="PASS" signature="tearDown()[pri:0, instance:testCases.TC001_initialSignIn@12f41634]" name="tearDown" is-config="true" duration-ms="3995" started-at="2022-05-04T13:55:26Z" finished-at="2022-05-04T13:55:30Z">
          <reporter-output>
          </reporter-output>
        </test-method> <!-- tearDown -->
      </class> <!-- testCases.TC001_initialSignIn -->
      <class name="testCases.TC04_logOut">
        <test-method status="PASS" signature="logOut()[pri:0, instance:testCases.TC04_logOut@50d0686]" name="logOut" duration-ms="4461" started-at="2022-05-04T13:55:22Z" finished-at="2022-05-04T13:55:26Z">
          <reporter-output>
          </reporter-output>
        </test-method> <!-- logOut -->
        <test-method status="PASS" signature="flushData()[pri:0, instance:testCases.TC04_logOut@50d0686]" name="flushData" is-config="true" duration-ms="54" started-at="2022-05-04T13:55:26Z" finished-at="2022-05-04T13:55:26Z">
          <reporter-output>
          </reporter-output>
        </test-method> <!-- flushData -->
      </class> <!-- testCases.TC04_logOut -->
      <class name="testCases.TC03_addToCart">
        <test-method status="PASS" signature="addToCart()[pri:0, instance:testCases.TC03_addToCart@13c27452]" name="addToCart" duration-ms="1278" started-at="2022-05-04T13:54:04Z" finished-at="2022-05-04T13:54:05Z">
          <reporter-output>
          </reporter-output>
        </test-method> <!-- addToCart -->
        <test-method status="PASS" signature="flushData()[pri:0, instance:testCases.TC03_addToCart@13c27452]" name="flushData" is-config="true" duration-ms="127" started-at="2022-05-04T13:54:05Z" finished-at="2022-05-04T13:54:05Z">
          <reporter-output>
          </reporter-output>
        </test-method> <!-- flushData -->
      </class> <!-- testCases.TC03_addToCart -->
      <class name="testCases.TC02_Resources">
        <test-method status="PASS" signature="navigateToUrl()[pri:0, instance:testCases.TC02_Resources@371a67ec]" name="navigateToUrl" is-config="true" duration-ms="2989" started-at="2022-05-04T13:54:52Z" finished-at="2022-05-04T13:54:55Z">
          <reporter-output>
          </reporter-output>
        </test-method> <!-- navigateToUrl -->
        <test-method status="PASS" signature="resources()[pri:0, instance:testCases.TC02_Resources@371a67ec]" name="resources" duration-ms="2017" started-at="2022-05-04T13:54:55Z" finished-at="2022-05-04T13:54:57Z">
          <reporter-output>
          </reporter-output>
        </test-method> <!-- resources -->
        <test-method status="PASS" signature="flushData()[pri:0, instance:testCases.TC02_Resources@371a67ec]" name="flushData" is-config="true" duration-ms="73" started-at="2022-05-04T13:54:57Z" finished-at="2022-05-04T13:54:57Z">
          <reporter-output>
          </reporter-output>
        </test-method> <!-- flushData -->
      </class> <!-- testCases.TC02_Resources -->
      <class name="testCases.TC01_AccountLogin">
        <test-method status="PASS" signature="navigateToWindow()[pri:0, instance:testCases.TC01_AccountLogin@5ed828d]" name="navigateToWindow" is-config="true" duration-ms="140" started-at="2022-05-04T13:54:57Z" finished-at="2022-05-04T13:54:57Z">
          <reporter-output>
          </reporter-output>
        </test-method> <!-- navigateToWindow -->
        <test-method status="PASS" signature="accountLogin()[pri:0, instance:testCases.TC01_AccountLogin@5ed828d]" name="accountLogin" duration-ms="24212" started-at="2022-05-04T13:54:57Z" finished-at="2022-05-04T13:55:21Z">
          <reporter-output>
          </reporter-output>
        </test-method> <!-- accountLogin -->
        <test-method status="PASS" signature="flushData()[pri:0, instance:testCases.TC01_AccountLogin@5ed828d]" name="flushData" is-config="true" duration-ms="29" started-at="2022-05-04T13:55:21Z" finished-at="2022-05-04T13:55:22Z">
          <reporter-output>
          </reporter-output>
        </test-method> <!-- flushData -->
      </class> <!-- testCases.TC01_AccountLogin -->
      <class name="testCases.TC002_SignUp">
        <test-method status="FAIL" signature="signUp()[pri:0, instance:testCases.TC002_SignUp@262b2c86]" name="signUp" duration-ms="45629" started-at="2022-05-04T13:54:05Z" finished-at="2022-05-04T13:54:51Z">
          <exception class="java.lang.AssertionError">
            <message>
              <![CDATA[expected [Sauce Labs | Get Started Guide] but found [Sign Up for a Free Trial | Sauce Labs]]]>
            </message>
            <full-stacktrace>
              <![CDATA[java.lang.AssertionError: expected [Sauce Labs | Get Started Guide] but found [Sign Up for a Free Trial | Sauce Labs]
at org.testng.Assert.fail(Assert.java:96)
at org.testng.Assert.failNotEquals(Assert.java:776)
at org.testng.Assert.assertEqualsImpl(Assert.java:137)
at org.testng.Assert.assertEquals(Assert.java:118)
at org.testng.Assert.assertEquals(Assert.java:453)
at org.testng.Assert.assertEquals(Assert.java:463)
at testCases.TC002_SignUp.signUp(TC002_SignUp.java:66)
at sun.reflect.NativeMethodAccessorImpl.invoke0(Native Method)
at sun.reflect.NativeMethodAccessorImpl.invoke(NativeMethodAccessorImpl.java:62)
at sun.reflect.DelegatingMethodAccessorImpl.invoke(DelegatingMethodAccessorImpl.java:43)
at java.lang.reflect.Method.invoke(Method.java:498)
at org.testng.internal.MethodInvocationHelper.invokeMethod(MethodInvocationHelper.java:124)
at org.testng.internal.Invoker.invokeMethod(Invoker.java:583)
at org.testng.internal.Invoker.invokeTestMethod(Invoker.java:719)
at org.testng.internal.Invoker.invokeTestMethods(Invoker.java:989)
at org.testng.internal.TestMethodWorker.invokeTestMethods(TestMethodWorker.java:125)
at org.testng.internal.TestMethodWorker.run(TestMethodWorker.java:109)
at org.testng.TestRunner.privateRun(TestRunner.java:648)
at org.testng.TestRunner.run(TestRunner.java:505)
at org.testng.SuiteRunner.runTest(SuiteRunner.java:455)
at org.testng.SuiteRunner.runSequentially(SuiteRunner.java:450)
at org.testng.SuiteRunner.privateRun(SuiteRunner.java:415)
at org.testng.SuiteRunner.run(SuiteRunner.java:364)
at org.testng.SuiteRunnerWorker.runSuite(SuiteRunnerWorker.java:52)
at org.testng.SuiteRunnerWorker.run(SuiteRunnerWorker.java:84)
at org.testng.TestNG.runSuitesSequentially(TestNG.java:1208)
at org.testng.TestNG.runSuitesLocally(TestNG.java:1137)
at org.testng.TestNG.runSuites(TestNG.java:1049)
at org.testng.TestNG.run(TestNG.java:1017)
at org.testng.remote.AbstractRemoteTestNG.run(AbstractRemoteTestNG.java:115)
at org.testng.remote.RemoteTestNG.initAndRun(RemoteTestNG.java:251)
at org.testng.remote.RemoteTestNG.main(RemoteTestNG.java:77)
]]>
            </full-stacktrace>
          </exception> <!-- java.lang.AssertionError -->
          <reporter-output>
          </reporter-output>
        </test-method> <!-- signUp -->
        <test-method status="PASS" signature="flushData()[pri:0, instance:testCases.TC002_SignUp@262b2c86]" name="flushData" is-config="true" duration-ms="230" started-at="2022-05-04T13:54:52Z" finished-at="2022-05-04T13:54:52Z">
          <reporter-output>
          </reporter-output>
        </test-method> <!-- flushData -->
      </class> <!-- testCases.TC002_SignUp -->
    </test> <!-- Test -->
  </suite> <!-- Suite -->
</testng-results>
